<!DOCTYPE html>
<html>
<head>
<meta http-equiv="Content-Type" content="text/html; charset=utf-8"/>
<meta http-equiv="x-ua-compatible" content="IE=edge"/>
<title>Test results - Class com.app.server.service.appbasicsetup.usermanagement.PasswordAlgoTestCase</title>
<link href="../css/base-style.css" rel="stylesheet" type="text/css"/>
<link href="../css/style.css" rel="stylesheet" type="text/css"/>
<script src="../js/report.js" type="text/javascript"></script>
</head>
<body>
<div id="content">
<h1>Class com.app.server.service.appbasicsetup.usermanagement.PasswordAlgoTestCase</h1>
<div class="breadcrumbs">
<a href="../index.html">all</a> &gt; 
<a href="../packages/com.app.server.service.appbasicsetup.usermanagement.html">com.app.server.service.appbasicsetup.usermanagement</a> &gt; PasswordAlgoTestCase</div>
<div id="summary">
<table>
<tr>
<td>
<div class="summaryGroup">
<table>
<tr>
<td>
<div class="infoBox" id="tests">
<div class="counter">5</div>
<p>tests</p>
</div>
</td>
<td>
<div class="infoBox" id="failures">
<div class="counter">0</div>
<p>failures</p>
</div>
</td>
<td>
<div class="infoBox" id="ignored">
<div class="counter">0</div>
<p>ignored</p>
</div>
</td>
<td>
<div class="infoBox" id="duration">
<div class="counter">0.164s</div>
<p>duration</p>
</div>
</td>
</tr>
</table>
</div>
</td>
<td>
<div class="infoBox success" id="successRate">
<div class="percent">100%</div>
<p>successful</p>
</div>
</td>
</tr>
</table>
</div>
<div id="tabs">
<ul class="tabLinks">
<li>
<a href="#tab0">Tests</a>
</li>
<li>
<a href="#tab1">Standard output</a>
</li>
<li>
<a href="#tab2">Standard error</a>
</li>
</ul>
<div id="tab0" class="tab">
<h2>Tests</h2>
<table>
<thead>
<tr>
<th>Test</th>
<th>Duration</th>
<th>Result</th>
</tr>
</thead>
<tr>
<td class="success">test1Save</td>
<td>0.054s</td>
<td class="success">passed</td>
</tr>
<tr>
<td class="success">test2Update</td>
<td>0.029s</td>
<td class="success">passed</td>
</tr>
<tr>
<td class="success">test3FindById</td>
<td>0.013s</td>
<td class="success">passed</td>
</tr>
<tr>
<td class="success">test5NegativeTesting</td>
<td>0.050s</td>
<td class="success">passed</td>
</tr>
<tr>
<td class="success">test6Delete</td>
<td>0.018s</td>
<td class="success">passed</td>
</tr>
</table>
</div>
<div id="tab1" class="tab">
<h2>Standard output</h2>
<span class="code">
<pre>Wed Jun 22 08:29:08 UTC 2016|Log Manager Factory|Initialization Process started.....
Wed Jun 22 08:29:08 UTC 2016|Log Manager|Initialized with Path = [/home/applifire/workspace/appone/src/main/webapp/WEB-INF/conf]
Wed Jun 22 08:29:08 UTC 2016|Alarm Manager|Initialized with Path = [/home/applifire/workspace/appone/src/main/webapp/WEB-INF/conf]
Wed Jun 22 08:29:08 UTC 2016|Alarm Manager|Loading Alarms ......
Wed Jun 22 08:29:08 UTC 2016|Alarm XML Parser|FWA|XML Parsing Complete........ 
Wed Jun 22 08:29:08 UTC 2016|Alarm File Manager|FWA|Alarm File Status.. [ApplicationFrameworkAlarms.xml]|Version=15|Status=Done 
Wed Jun 22 08:29:08 UTC 2016|Alarm File Manager|FWA|Alarm Stats = ( BC/AL=4/676 SYS=4/10 [676/0]  TPL=0/0 [0/0]  APP= A.Map=[759]  E.Map EC/RC=[322/67] )
Wed Jun 22 08:29:08 UTC 2016|Alarm XML Parser|APP|XML Parsing Complete........ 
Wed Jun 22 08:29:08 UTC 2016|Alarm File Manager|APP|Alarm File Status.. [ApplicationAlarms.xml]|Version=1|Status=Done 
Wed Jun 22 08:29:08 UTC 2016|Alarm File Manager|APP|Alarm Stats = ( BC/AL=4/676 SYS=4/10 [676/0]  TPL=0/0 [0/0]  APP=0/0 [0/0]  A.Map=[759]  E.Map EC/RC=[322/67] )
Wed Jun 22 08:29:08 UTC 2016|ApplicationAlarmContext| &lt;&gt;&lt;&gt;&lt;&gt;&lt;&gt;&lt;&gt; Create App Alarms ....  &lt;&gt;&lt;&gt;&lt;&gt;&lt;&gt;&lt;&gt; 
Wed Jun 22 08:29:08 UTC 2016|ApplicationAlarmContext|Alarms are generated ONLY in Development Mode.. 
Wed Jun 22 08:29:08 UTC 2016|Alarm Manager|APP|Alarm Stats = ( BC/AL=4/676 SYS=4/10 [676/0]  TPL=0/0 [0/0]  APP=0/0 [0/0]  A.Map=[759]  E.Map EC/RC=[322/67] )
Wed Jun 22 08:29:08 UTC 2016|Alarm Manager|Initialized Exception Lookup...
Wed Jun 22 08:29:08 UTC 2016|Log Manager|Initialize Log Config File ......
Wed Jun 22 08:29:08 UTC 2016|Pluggable Connectors|Adding Connectors : StandardOutputConnector isEnabled=true isDefault=false isFallBack=true
Wed Jun 22 08:29:08 UTC 2016|Pluggable Connectors|Adding Connectors : StandardFileConnector isEnabled=true isDefault=false isFallBack=false
Wed Jun 22 08:29:08 UTC 2016|Pluggable Connectors|Adding Connectors : Sprinkler isEnabled=true isDefault=true isFallBack=false
Wed Jun 22 08:29:08 UTC 2016|Pluggable Connectors|Default Connector Name : com.spartan.logger.core.LogMessenger
Wed Jun 22 08:29:08 UTC 2016|Log Config Parser|Connector Least Log Level =[4]  FallBack Log Level =[3]
Wed Jun 22 08:29:08 UTC 2016|Log Manager|Loading Default Connector for Logging ......
Wed Jun 22 08:29:08 UTC 2016|Log Manager|Loading class .. com.spartan.logger.core.LogMessenger
Wed Jun 22 08:29:08 UTC 2016|Plugggable Connector|Connector class com.spartan.logger.core.LogMessenger Initialized... @ Log Level = 3
Wed Jun 22 08:29:08 UTC 2016|Log Manager|Starting the Default Connector [com.spartan.logger.core.LogMessenger@137a9d2a] ....
Wed Jun 22 08:29:08 UTC 2016|Scheduler|Starting the Scheduler ......
Wed Jun 22 08:29:08 UTC 2016|Scheduler|Adding [LMID=[835d9c6e-2e8f-47e0-8589-67f461586124]] Delay=5 Time Unit=MINUTES
Wed Jun 22 08:29:08 UTC 2016|Scheduler|Adding [App Alarm Manager File=[ApplicationAlarms.xml]] Delay=30 Time Unit=MINUTES
Wed Jun 22 08:29:08 UTC 2016|Scheduler|Adding [FW Alarm Manager File=[ApplicationFrameworkAlarms.xml]] Delay=3 Time Unit=MINUTES
Wed Jun 22 08:29:08 UTC 2016|Scheduler|Startup Completed..
Wed Jun 22 08:29:08 UTC 2016|Log Manager|Initialization Process Complete ......
Wed Jun 22 08:29:08 UTC 2016|Log Manager Factory|Log Manager READY! ID = 835d9c6e-2e8f-47e0-8589-67f461586124
Setting logged in user info for ADD
[EL Finer]: connection: 2016-06-22 08:29:08.451--ServerSession(132201555)--Thread(Thread[Test worker,5,main])--client acquired: 1067610605
[EL Finer]: transaction: 2016-06-22 08:29:08.451--ClientSession(1067610605)--Thread(Thread[Test worker,5,main])--acquire unit of work: 1105567550
[EL Finest]: connection: 2016-06-22 08:29:08.451--ServerSession(132201555)--Connection(1245299006)--Thread(Thread[Test worker,5,main])--Connection acquired from connection pool [default].
[EL Finer]: transaction: 2016-06-22 08:29:08.451--ClientSession(1067610605)--Connection(1245299006)--Thread(Thread[Test worker,5,main])--begin transaction
[EL Finest]: connection: 2016-06-22 08:29:08.451--ClientSession(1067610605)--Thread(Thread[Test worker,5,main])--reconnecting to external connection pool
[EL Finest]: transaction: 2016-06-22 08:29:08.453--UnitOfWork(1105567550)--Thread(Thread[Test worker,5,main])--persist() operation called on: x8pUiuQTTRG8o7aJbdPIqtM4vwjbot0ajbJ8XpmXsCSY4wGGvI.
[EL Finest]: sequencing: 2016-06-22 08:29:08.453--UnitOfWork(1105567550)--Thread(Thread[Test worker,5,main])--assign sequence to the object (826A024B-B8B4-4F91-9F6E-739A29636BEB -&gt; x8pUiuQTTRG8o7aJbdPIqtM4vwjbot0ajbJ8XpmXsCSY4wGGvI)
[EL Finer]: transaction: 2016-06-22 08:29:08.453--UnitOfWork(1105567550)--Thread(Thread[Test worker,5,main])--begin unit of work commit
[EL Finest]: query: 2016-06-22 08:29:08.454--UnitOfWork(1105567550)--Thread(Thread[Test worker,5,main])--Execute query InsertObjectQuery(x8pUiuQTTRG8o7aJbdPIqtM4vwjbot0ajbJ8XpmXsCSY4wGGvI)
[EL Fine]: sql: 2016-06-22 08:29:08.454--ClientSession(1067610605)--Connection(383841963)--Thread(Thread[Test worker,5,main])--INSERT INTO ast_PasswordAlgo_M (algoId, algoDescription, algoHelp, algoIcon, algoName, algorithm, versionId, createdBy, createdDate, updatedBy, updatedDate, activeStatus, txnAccessCode) VALUES (?, ?, ?, ?, ?, ?, ?, ?, ?, ?, ?, ?, ?)
	bind =&gt; [826A024B-B8B4-4F91-9F6E-739A29636BEB, 6z3hKVL4rLS84XAWdcibhYKHhFl4Yo4T5ZW4gKb4VTfp8Yo9mN, m9CetEUGWB9aoymbiCubKZmDeuffytyCyZc7H9jMUY1Hy23qzd, WTItPpYysuUwc5rGmEfvegSthgcqbVKB7E0RMai3p6oClUST4O, x8pUiuQTTRG8o7aJbdPIqtM4vwjbot0ajbJ8XpmXsCSY4wGGvI, 5, 1, AAAAA, 2016-06-22 08:29:08.445, AAAAA, 2016-06-22 08:29:08.445, 1, 51000]
[EL Finer]: transaction: 2016-06-22 08:29:08.456--ClientSession(1067610605)--Connection(383841963)--Thread(Thread[Test worker,5,main])--commit transaction
[EL Finest]: connection: 2016-06-22 08:29:08.46--ServerSession(132201555)--Connection(1245299006)--Thread(Thread[Test worker,5,main])--Connection released to connection pool [default].
[EL Finer]: transaction: 2016-06-22 08:29:08.46--UnitOfWork(1105567550)--Thread(Thread[Test worker,5,main])--end unit of work commit
[EL Finer]: transaction: 2016-06-22 08:29:08.46--UnitOfWork(1105567550)--Thread(Thread[Test worker,5,main])--resume unit of work
[EL Finer]: transaction: 2016-06-22 08:29:08.46--UnitOfWork(1105567550)--Thread(Thread[Test worker,5,main])--release unit of work
[EL Finer]: connection: 2016-06-22 08:29:08.46--ClientSession(1067610605)--Thread(Thread[Test worker,5,main])--client released
[EL Finer]: connection: 2016-06-22 08:29:08.47--ServerSession(132201555)--Thread(Thread[Test worker,5,main])--client acquired: 1147131559
[EL Finer]: transaction: 2016-06-22 08:29:08.47--ClientSession(1147131559)--Thread(Thread[Test worker,5,main])--acquire unit of work: 1879412994
[EL Finest]: connection: 2016-06-22 08:29:08.47--ServerSession(132201555)--Connection(2104710082)--Thread(Thread[Test worker,5,main])--Connection acquired from connection pool [default].
[EL Finer]: transaction: 2016-06-22 08:29:08.47--ClientSession(1147131559)--Connection(2104710082)--Thread(Thread[Test worker,5,main])--begin transaction
[EL Finest]: connection: 2016-06-22 08:29:08.47--ClientSession(1147131559)--Thread(Thread[Test worker,5,main])--reconnecting to external connection pool
[EL Finer]: transaction: 2016-06-22 08:29:08.472--UnitOfWork(1879412994)--Thread(Thread[Test worker,5,main])--begin unit of work flush
[EL Finer]: transaction: 2016-06-22 08:29:08.472--UnitOfWork(1879412994)--Thread(Thread[Test worker,5,main])--end unit of work flush
[EL Finest]: query: 2016-06-22 08:29:08.472--UnitOfWork(1879412994)--Thread(Thread[Test worker,5,main])--Execute query ReadAllQuery(name=&quot;PasswordAlgo.findById&quot; referenceClass=PasswordAlgo sql=&quot;SELECT algoId, algoDescription, algoHelp, algoIcon, algoName, algorithm, versionId, createdBy, createdDate, updatedBy, updatedDate, activeStatus, txnAccessCode FROM ast_PasswordAlgo_M WHERE ((activeStatus = ?) AND (algoId = ?))&quot;)
[EL Fine]: sql: 2016-06-22 08:29:08.472--ClientSession(1147131559)--Connection(101548405)--Thread(Thread[Test worker,5,main])--SELECT algoId, algoDescription, algoHelp, algoIcon, algoName, algorithm, versionId, createdBy, createdDate, updatedBy, updatedDate, activeStatus, txnAccessCode FROM ast_PasswordAlgo_M WHERE ((activeStatus = ?) AND (algoId = ?))
	bind =&gt; [1, 826A024B-B8B4-4F91-9F6E-739A29636BEB]
[EL Finer]: transaction: 2016-06-22 08:29:08.474--UnitOfWork(1879412994)--Thread(Thread[Test worker,5,main])--begin unit of work commit
[EL Finer]: transaction: 2016-06-22 08:29:08.474--ClientSession(1147131559)--Connection(101548405)--Thread(Thread[Test worker,5,main])--commit transaction
[EL Finest]: connection: 2016-06-22 08:29:08.475--ServerSession(132201555)--Connection(2104710082)--Thread(Thread[Test worker,5,main])--Connection released to connection pool [default].
[EL Finer]: transaction: 2016-06-22 08:29:08.475--UnitOfWork(1879412994)--Thread(Thread[Test worker,5,main])--end unit of work commit
[EL Finer]: transaction: 2016-06-22 08:29:08.475--UnitOfWork(1879412994)--Thread(Thread[Test worker,5,main])--resume unit of work
[EL Finer]: transaction: 2016-06-22 08:29:08.475--UnitOfWork(1879412994)--Thread(Thread[Test worker,5,main])--release unit of work
[EL Finer]: connection: 2016-06-22 08:29:08.475--ClientSession(1147131559)--Thread(Thread[Test worker,5,main])--client released
Setting logged in user info for UPDATE
[EL Finer]: connection: 2016-06-22 08:29:08.476--ServerSession(132201555)--Thread(Thread[Test worker,5,main])--client acquired: 1605506061
[EL Finer]: transaction: 2016-06-22 08:29:08.476--ClientSession(1605506061)--Thread(Thread[Test worker,5,main])--acquire unit of work: 608342672
[EL Finest]: connection: 2016-06-22 08:29:08.477--ServerSession(132201555)--Connection(245644937)--Thread(Thread[Test worker,5,main])--Connection acquired from connection pool [default].
[EL Finer]: transaction: 2016-06-22 08:29:08.477--ClientSession(1605506061)--Connection(245644937)--Thread(Thread[Test worker,5,main])--begin transaction
[EL Finest]: connection: 2016-06-22 08:29:08.477--ClientSession(1605506061)--Thread(Thread[Test worker,5,main])--reconnecting to external connection pool
[EL Finest]: transaction: 2016-06-22 08:29:08.483--UnitOfWork(608342672)--Thread(Thread[Test worker,5,main])--Merge clone with references x0yNlxSZzJzAMUmF7brGMbzwB06iaxl4Dw6bUQ8bDeGxogkig8
[EL Finest]: query: 2016-06-22 08:29:08.483--UnitOfWork(608342672)--Thread(Thread[Test worker,5,main])--Execute query ReadObjectQuery(referenceClass=PasswordAlgo )
[EL Fine]: sql: 2016-06-22 08:29:08.483--ClientSession(1605506061)--Connection(1332951321)--Thread(Thread[Test worker,5,main])--SELECT algoId, algoDescription, algoHelp, algoIcon, algoName, algorithm, versionId, createdBy, createdDate, updatedBy, updatedDate, activeStatus, txnAccessCode FROM ast_PasswordAlgo_M WHERE (algoId = ?)
	bind =&gt; [826A024B-B8B4-4F91-9F6E-739A29636BEB]
[EL Finer]: transaction: 2016-06-22 08:29:08.485--UnitOfWork(608342672)--Thread(Thread[Test worker,5,main])--begin unit of work commit
[EL Finest]: query: 2016-06-22 08:29:08.485--UnitOfWork(608342672)--Thread(Thread[Test worker,5,main])--Execute query UpdateObjectQuery(x0yNlxSZzJzAMUmF7brGMbzwB06iaxl4Dw6bUQ8bDeGxogkig8)
[EL Fine]: sql: 2016-06-22 08:29:08.486--ClientSession(1605506061)--Connection(1332951321)--Thread(Thread[Test worker,5,main])--UPDATE ast_PasswordAlgo_M SET algoDescription = ?, algoHelp = ?, algoIcon = ?, algoName = ?, algorithm = ?, versionId = ? WHERE ((algoId = ?) AND (versionId = ?))
	bind =&gt; [s32zjDAARoptufwvRtbIMN7in4bFLKefjMn2dT5yyM3svmZjdp, iAmaEGWAd0h8DrykSFSYxMjPCLJ4e2ESE9U89tme4IMqvBYx0U, 8fTK1FImWXKSVGwFqXJQuQ7iflKZM0jfMH7d3hOvnNtVaCwobn, x0yNlxSZzJzAMUmF7brGMbzwB06iaxl4Dw6bUQ8bDeGxogkig8, 7, 2, 826A024B-B8B4-4F91-9F6E-739A29636BEB, 1]
[EL Finer]: transaction: 2016-06-22 08:29:08.487--ClientSession(1605506061)--Connection(1332951321)--Thread(Thread[Test worker,5,main])--commit transaction
[EL Finest]: connection: 2016-06-22 08:29:08.489--ServerSession(132201555)--Connection(245644937)--Thread(Thread[Test worker,5,main])--Connection released to connection pool [default].
[EL Finer]: transaction: 2016-06-22 08:29:08.49--UnitOfWork(608342672)--Thread(Thread[Test worker,5,main])--end unit of work commit
[EL Finer]: transaction: 2016-06-22 08:29:08.49--UnitOfWork(608342672)--Thread(Thread[Test worker,5,main])--resume unit of work
[EL Finer]: transaction: 2016-06-22 08:29:08.49--UnitOfWork(608342672)--Thread(Thread[Test worker,5,main])--release unit of work
[EL Finer]: connection: 2016-06-22 08:29:08.49--ClientSession(1605506061)--Thread(Thread[Test worker,5,main])--client released
[EL Finer]: connection: 2016-06-22 08:29:08.499--ServerSession(132201555)--Thread(Thread[Test worker,5,main])--client acquired: 1715757596
[EL Finer]: transaction: 2016-06-22 08:29:08.499--ClientSession(1715757596)--Thread(Thread[Test worker,5,main])--acquire unit of work: 327504056
[EL Finest]: connection: 2016-06-22 08:29:08.499--ServerSession(132201555)--Connection(360081931)--Thread(Thread[Test worker,5,main])--Connection acquired from connection pool [default].
[EL Finer]: transaction: 2016-06-22 08:29:08.499--ClientSession(1715757596)--Connection(360081931)--Thread(Thread[Test worker,5,main])--begin transaction
[EL Finest]: connection: 2016-06-22 08:29:08.499--ClientSession(1715757596)--Thread(Thread[Test worker,5,main])--reconnecting to external connection pool
[EL Finer]: transaction: 2016-06-22 08:29:08.5--UnitOfWork(327504056)--Thread(Thread[Test worker,5,main])--begin unit of work flush
[EL Finer]: transaction: 2016-06-22 08:29:08.5--UnitOfWork(327504056)--Thread(Thread[Test worker,5,main])--end unit of work flush
[EL Finest]: query: 2016-06-22 08:29:08.5--UnitOfWork(327504056)--Thread(Thread[Test worker,5,main])--Execute query ReadAllQuery(name=&quot;PasswordAlgo.findById&quot; referenceClass=PasswordAlgo sql=&quot;SELECT algoId, algoDescription, algoHelp, algoIcon, algoName, algorithm, versionId, createdBy, createdDate, updatedBy, updatedDate, activeStatus, txnAccessCode FROM ast_PasswordAlgo_M WHERE ((activeStatus = ?) AND (algoId = ?))&quot;)
[EL Fine]: sql: 2016-06-22 08:29:08.501--ClientSession(1715757596)--Connection(335867223)--Thread(Thread[Test worker,5,main])--SELECT algoId, algoDescription, algoHelp, algoIcon, algoName, algorithm, versionId, createdBy, createdDate, updatedBy, updatedDate, activeStatus, txnAccessCode FROM ast_PasswordAlgo_M WHERE ((activeStatus = ?) AND (algoId = ?))
	bind =&gt; [1, 826A024B-B8B4-4F91-9F6E-739A29636BEB]
[EL Finer]: transaction: 2016-06-22 08:29:08.502--UnitOfWork(327504056)--Thread(Thread[Test worker,5,main])--begin unit of work commit
[EL Finer]: transaction: 2016-06-22 08:29:08.503--ClientSession(1715757596)--Connection(335867223)--Thread(Thread[Test worker,5,main])--commit transaction
[EL Finest]: connection: 2016-06-22 08:29:08.503--ServerSession(132201555)--Connection(360081931)--Thread(Thread[Test worker,5,main])--Connection released to connection pool [default].
[EL Finer]: transaction: 2016-06-22 08:29:08.503--UnitOfWork(327504056)--Thread(Thread[Test worker,5,main])--end unit of work commit
[EL Finer]: transaction: 2016-06-22 08:29:08.503--UnitOfWork(327504056)--Thread(Thread[Test worker,5,main])--resume unit of work
[EL Finer]: transaction: 2016-06-22 08:29:08.503--UnitOfWork(327504056)--Thread(Thread[Test worker,5,main])--release unit of work
[EL Finer]: connection: 2016-06-22 08:29:08.503--ClientSession(1715757596)--Thread(Thread[Test worker,5,main])--client released
[EL Finer]: connection: 2016-06-22 08:29:08.563--ServerSession(132201555)--Thread(Thread[Test worker,5,main])--client acquired: 1262144763
[EL Finer]: transaction: 2016-06-22 08:29:08.563--ClientSession(1262144763)--Thread(Thread[Test worker,5,main])--acquire unit of work: 23566675
[EL Finest]: connection: 2016-06-22 08:29:08.563--ServerSession(132201555)--Connection(948115677)--Thread(Thread[Test worker,5,main])--Connection acquired from connection pool [default].
[EL Finer]: transaction: 2016-06-22 08:29:08.564--ClientSession(1262144763)--Connection(948115677)--Thread(Thread[Test worker,5,main])--begin transaction
[EL Finest]: connection: 2016-06-22 08:29:08.564--ClientSession(1262144763)--Thread(Thread[Test worker,5,main])--reconnecting to external connection pool
[EL Finest]: query: 2016-06-22 08:29:08.565--UnitOfWork(23566675)--Thread(Thread[Test worker,5,main])--Execute query ReadObjectQuery(name=&quot;readPasswordAlgo&quot; referenceClass=PasswordAlgo sql=&quot;SELECT algoId, algoDescription, algoHelp, algoIcon, algoName, algorithm, versionId, createdBy, createdDate, updatedBy, updatedDate, activeStatus, txnAccessCode FROM ast_PasswordAlgo_M WHERE (algoId = ?)&quot;)
[EL Fine]: sql: 2016-06-22 08:29:08.565--ClientSession(1262144763)--Connection(121205340)--Thread(Thread[Test worker,5,main])--SELECT algoId, algoDescription, algoHelp, algoIcon, algoName, algorithm, versionId, createdBy, createdDate, updatedBy, updatedDate, activeStatus, txnAccessCode FROM ast_PasswordAlgo_M WHERE (algoId = ?)
	bind =&gt; [826A024B-B8B4-4F91-9F6E-739A29636BEB]
[EL Finest]: transaction: 2016-06-22 08:29:08.567--UnitOfWork(23566675)--Thread(Thread[Test worker,5,main])--remove() operation called on: x0yNlxSZzJzAMUmF7brGMbzwB06iaxl4Dw6bUQ8bDeGxogkig8
[EL Finer]: transaction: 2016-06-22 08:29:08.567--UnitOfWork(23566675)--Thread(Thread[Test worker,5,main])--begin unit of work commit
[EL Finest]: query: 2016-06-22 08:29:08.567--UnitOfWork(23566675)--Thread(Thread[Test worker,5,main])--Execute query DoesExistQuery(referenceClass=PasswordAlgo )
[EL Finest]: query: 2016-06-22 08:29:08.568--UnitOfWork(23566675)--Thread(Thread[Test worker,5,main])--Execute query DeleteObjectQuery(x0yNlxSZzJzAMUmF7brGMbzwB06iaxl4Dw6bUQ8bDeGxogkig8)
[EL Fine]: sql: 2016-06-22 08:29:08.568--ClientSession(1262144763)--Connection(121205340)--Thread(Thread[Test worker,5,main])--DELETE FROM ast_PasswordAlgo_M WHERE ((algoId = ?) AND (versionId = ?))
	bind =&gt; [826A024B-B8B4-4F91-9F6E-739A29636BEB, 2]
[EL Finer]: transaction: 2016-06-22 08:29:08.569--ClientSession(1262144763)--Connection(121205340)--Thread(Thread[Test worker,5,main])--commit transaction
[EL Finest]: connection: 2016-06-22 08:29:08.572--ServerSession(132201555)--Connection(948115677)--Thread(Thread[Test worker,5,main])--Connection released to connection pool [default].
[EL Finer]: transaction: 2016-06-22 08:29:08.572--UnitOfWork(23566675)--Thread(Thread[Test worker,5,main])--end unit of work commit
[EL Finer]: transaction: 2016-06-22 08:29:08.572--UnitOfWork(23566675)--Thread(Thread[Test worker,5,main])--resume unit of work
[EL Finer]: transaction: 2016-06-22 08:29:08.572--UnitOfWork(23566675)--Thread(Thread[Test worker,5,main])--release unit of work
[EL Finer]: connection: 2016-06-22 08:29:08.572--ClientSession(1262144763)--Thread(Thread[Test worker,5,main])--client released
</pre>
</span>
</div>
<div id="tab2" class="tab">
<h2>Standard error</h2>
<span class="code">
<pre>PasswordAlgo.algorithm may not be null
java.lang.SecurityException: PasswordAlgo.algorithm may not be null
	at com.athena.server.pluggable.utils.helper.EntityValidatorHelper.validateEntity(EntityValidatorHelper.java:37)
	at com.app.shared.appbasicsetup.usermanagement.PasswordAlgo.isValid(PasswordAlgo.java:196)
	at com.app.server.service.appbasicsetup.usermanagement.PasswordAlgoTestCase.validatePasswordAlgo(PasswordAlgoTestCase.java:185)
	at com.app.server.service.appbasicsetup.usermanagement.PasswordAlgoTestCase.test5NegativeTesting(PasswordAlgoTestCase.java:221)
	at sun.reflect.NativeMethodAccessorImpl.invoke0(Native Method)
	at sun.reflect.NativeMethodAccessorImpl.invoke(NativeMethodAccessorImpl.java:57)
	at sun.reflect.DelegatingMethodAccessorImpl.invoke(DelegatingMethodAccessorImpl.java:43)
	at java.lang.reflect.Method.invoke(Method.java:606)
	at org.junit.runners.model.FrameworkMethod$1.runReflectiveCall(FrameworkMethod.java:47)
	at org.junit.internal.runners.model.ReflectiveCallable.run(ReflectiveCallable.java:12)
	at org.junit.runners.model.FrameworkMethod.invokeExplosively(FrameworkMethod.java:44)
	at org.junit.internal.runners.statements.InvokeMethod.evaluate(InvokeMethod.java:17)
	at org.junit.internal.runners.statements.RunBefores.evaluate(RunBefores.java:26)
	at org.springframework.test.context.junit4.statements.RunBeforeTestMethodCallbacks.evaluate(RunBeforeTestMethodCallbacks.java:74)
	at org.junit.internal.runners.statements.RunAfters.evaluate(RunAfters.java:27)
	at org.springframework.test.context.junit4.statements.RunAfterTestMethodCallbacks.evaluate(RunAfterTestMethodCallbacks.java:83)
	at org.springframework.test.context.junit4.statements.SpringRepeat.evaluate(SpringRepeat.java:72)
	at org.springframework.test.context.junit4.SpringJUnit4ClassRunner.runChild(SpringJUnit4ClassRunner.java:233)
	at org.springframework.test.context.junit4.SpringJUnit4ClassRunner.runChild(SpringJUnit4ClassRunner.java:87)
	at org.junit.runners.ParentRunner$3.run(ParentRunner.java:238)
	at org.junit.runners.ParentRunner$1.schedule(ParentRunner.java:63)
	at org.junit.runners.ParentRunner.runChildren(ParentRunner.java:236)
	at org.junit.runners.ParentRunner.access$000(ParentRunner.java:53)
	at org.junit.runners.ParentRunner$2.evaluate(ParentRunner.java:229)
	at org.junit.internal.runners.statements.RunBefores.evaluate(RunBefores.java:26)
	at org.springframework.test.context.junit4.statements.RunBeforeTestClassCallbacks.evaluate(RunBeforeTestClassCallbacks.java:61)
	at org.springframework.test.context.junit4.statements.RunAfterTestClassCallbacks.evaluate(RunAfterTestClassCallbacks.java:71)
	at org.junit.runners.ParentRunner.run(ParentRunner.java:309)
	at org.springframework.test.context.junit4.SpringJUnit4ClassRunner.run(SpringJUnit4ClassRunner.java:176)
	at org.gradle.api.internal.tasks.testing.junit.JUnitTestClassExecuter.runTestClass(JUnitTestClassExecuter.java:86)
	at org.gradle.api.internal.tasks.testing.junit.JUnitTestClassExecuter.execute(JUnitTestClassExecuter.java:49)
	at org.gradle.api.internal.tasks.testing.junit.JUnitTestClassProcessor.processTestClass(JUnitTestClassProcessor.java:64)
	at org.gradle.api.internal.tasks.testing.SuiteTestClassProcessor.processTestClass(SuiteTestClassProcessor.java:50)
	at sun.reflect.NativeMethodAccessorImpl.invoke0(Native Method)
	at sun.reflect.NativeMethodAccessorImpl.invoke(NativeMethodAccessorImpl.java:57)
	at sun.reflect.DelegatingMethodAccessorImpl.invoke(DelegatingMethodAccessorImpl.java:43)
	at java.lang.reflect.Method.invoke(Method.java:606)
	at org.gradle.messaging.dispatch.ReflectionDispatch.dispatch(ReflectionDispatch.java:35)
	at org.gradle.messaging.dispatch.ReflectionDispatch.dispatch(ReflectionDispatch.java:24)
	at org.gradle.messaging.dispatch.ContextClassLoaderDispatch.dispatch(ContextClassLoaderDispatch.java:32)
	at org.gradle.messaging.dispatch.ProxyDispatchAdapter$DispatchingInvocationHandler.invoke(ProxyDispatchAdapter.java:93)
	at com.sun.proxy.$Proxy2.processTestClass(Unknown Source)
	at org.gradle.api.internal.tasks.testing.worker.TestWorker.processTestClass(TestWorker.java:106)
	at sun.reflect.NativeMethodAccessorImpl.invoke0(Native Method)
	at sun.reflect.NativeMethodAccessorImpl.invoke(NativeMethodAccessorImpl.java:57)
	at sun.reflect.DelegatingMethodAccessorImpl.invoke(DelegatingMethodAccessorImpl.java:43)
	at java.lang.reflect.Method.invoke(Method.java:606)
	at org.gradle.messaging.dispatch.ReflectionDispatch.dispatch(ReflectionDispatch.java:35)
	at org.gradle.messaging.dispatch.ReflectionDispatch.dispatch(ReflectionDispatch.java:24)
	at org.gradle.messaging.remote.internal.hub.MessageHub$Handler.run(MessageHub.java:360)
	at org.gradle.internal.concurrent.DefaultExecutorFactory$StoppableExecutorImpl$1.run(DefaultExecutorFactory.java:64)
	at java.util.concurrent.ThreadPoolExecutor.runWorker(ThreadPoolExecutor.java:1145)
	at java.util.concurrent.ThreadPoolExecutor$Worker.run(ThreadPoolExecutor.java:615)
	at java.lang.Thread.run(Thread.java:745)
PasswordAlgo.algorithm must be less than or equal to 11
java.lang.SecurityException: PasswordAlgo.algorithm must be less than or equal to 11
	at com.athena.server.pluggable.utils.helper.EntityValidatorHelper.validateEntity(EntityValidatorHelper.java:37)
	at com.app.shared.appbasicsetup.usermanagement.PasswordAlgo.isValid(PasswordAlgo.java:196)
	at com.app.server.service.appbasicsetup.usermanagement.PasswordAlgoTestCase.validatePasswordAlgo(PasswordAlgoTestCase.java:183)
	at com.app.server.service.appbasicsetup.usermanagement.PasswordAlgoTestCase.test5NegativeTesting(PasswordAlgoTestCase.java:226)
	at sun.reflect.NativeMethodAccessorImpl.invoke0(Native Method)
	at sun.reflect.NativeMethodAccessorImpl.invoke(NativeMethodAccessorImpl.java:57)
	at sun.reflect.DelegatingMethodAccessorImpl.invoke(DelegatingMethodAccessorImpl.java:43)
	at java.lang.reflect.Method.invoke(Method.java:606)
	at org.junit.runners.model.FrameworkMethod$1.runReflectiveCall(FrameworkMethod.java:47)
	at org.junit.internal.runners.model.ReflectiveCallable.run(ReflectiveCallable.java:12)
	at org.junit.runners.model.FrameworkMethod.invokeExplosively(FrameworkMethod.java:44)
	at org.junit.internal.runners.statements.InvokeMethod.evaluate(InvokeMethod.java:17)
	at org.junit.internal.runners.statements.RunBefores.evaluate(RunBefores.java:26)
	at org.springframework.test.context.junit4.statements.RunBeforeTestMethodCallbacks.evaluate(RunBeforeTestMethodCallbacks.java:74)
	at org.junit.internal.runners.statements.RunAfters.evaluate(RunAfters.java:27)
	at org.springframework.test.context.junit4.statements.RunAfterTestMethodCallbacks.evaluate(RunAfterTestMethodCallbacks.java:83)
	at org.springframework.test.context.junit4.statements.SpringRepeat.evaluate(SpringRepeat.java:72)
	at org.springframework.test.context.junit4.SpringJUnit4ClassRunner.runChild(SpringJUnit4ClassRunner.java:233)
	at org.springframework.test.context.junit4.SpringJUnit4ClassRunner.runChild(SpringJUnit4ClassRunner.java:87)
	at org.junit.runners.ParentRunner$3.run(ParentRunner.java:238)
	at org.junit.runners.ParentRunner$1.schedule(ParentRunner.java:63)
	at org.junit.runners.ParentRunner.runChildren(ParentRunner.java:236)
	at org.junit.runners.ParentRunner.access$000(ParentRunner.java:53)
	at org.junit.runners.ParentRunner$2.evaluate(ParentRunner.java:229)
	at org.junit.internal.runners.statements.RunBefores.evaluate(RunBefores.java:26)
	at org.springframework.test.context.junit4.statements.RunBeforeTestClassCallbacks.evaluate(RunBeforeTestClassCallbacks.java:61)
	at org.springframework.test.context.junit4.statements.RunAfterTestClassCallbacks.evaluate(RunAfterTestClassCallbacks.java:71)
	at org.junit.runners.ParentRunner.run(ParentRunner.java:309)
	at org.springframework.test.context.junit4.SpringJUnit4ClassRunner.run(SpringJUnit4ClassRunner.java:176)
	at org.gradle.api.internal.tasks.testing.junit.JUnitTestClassExecuter.runTestClass(JUnitTestClassExecuter.java:86)
	at org.gradle.api.internal.tasks.testing.junit.JUnitTestClassExecuter.execute(JUnitTestClassExecuter.java:49)
	at org.gradle.api.internal.tasks.testing.junit.JUnitTestClassProcessor.processTestClass(JUnitTestClassProcessor.java:64)
	at org.gradle.api.internal.tasks.testing.SuiteTestClassProcessor.processTestClass(SuiteTestClassProcessor.java:50)
	at sun.reflect.NativeMethodAccessorImpl.invoke0(Native Method)
	at sun.reflect.NativeMethodAccessorImpl.invoke(NativeMethodAccessorImpl.java:57)
	at sun.reflect.DelegatingMethodAccessorImpl.invoke(DelegatingMethodAccessorImpl.java:43)
	at java.lang.reflect.Method.invoke(Method.java:606)
	at org.gradle.messaging.dispatch.ReflectionDispatch.dispatch(ReflectionDispatch.java:35)
	at org.gradle.messaging.dispatch.ReflectionDispatch.dispatch(ReflectionDispatch.java:24)
	at org.gradle.messaging.dispatch.ContextClassLoaderDispatch.dispatch(ContextClassLoaderDispatch.java:32)
	at org.gradle.messaging.dispatch.ProxyDispatchAdapter$DispatchingInvocationHandler.invoke(ProxyDispatchAdapter.java:93)
	at com.sun.proxy.$Proxy2.processTestClass(Unknown Source)
	at org.gradle.api.internal.tasks.testing.worker.TestWorker.processTestClass(TestWorker.java:106)
	at sun.reflect.NativeMethodAccessorImpl.invoke0(Native Method)
	at sun.reflect.NativeMethodAccessorImpl.invoke(NativeMethodAccessorImpl.java:57)
	at sun.reflect.DelegatingMethodAccessorImpl.invoke(DelegatingMethodAccessorImpl.java:43)
	at java.lang.reflect.Method.invoke(Method.java:606)
	at org.gradle.messaging.dispatch.ReflectionDispatch.dispatch(ReflectionDispatch.java:35)
	at org.gradle.messaging.dispatch.ReflectionDispatch.dispatch(ReflectionDispatch.java:24)
	at org.gradle.messaging.remote.internal.hub.MessageHub$Handler.run(MessageHub.java:360)
	at org.gradle.internal.concurrent.DefaultExecutorFactory$StoppableExecutorImpl$1.run(DefaultExecutorFactory.java:64)
	at java.util.concurrent.ThreadPoolExecutor.runWorker(ThreadPoolExecutor.java:1145)
	at java.util.concurrent.ThreadPoolExecutor$Worker.run(ThreadPoolExecutor.java:615)
	at java.lang.Thread.run(Thread.java:745)
PasswordAlgo.algoName may not be null
java.lang.SecurityException: PasswordAlgo.algoName may not be null
	at com.athena.server.pluggable.utils.helper.EntityValidatorHelper.validateEntity(EntityValidatorHelper.java:37)
	at com.app.shared.appbasicsetup.usermanagement.PasswordAlgo.isValid(PasswordAlgo.java:196)
	at com.app.server.service.appbasicsetup.usermanagement.PasswordAlgoTestCase.validatePasswordAlgo(PasswordAlgoTestCase.java:185)
	at com.app.server.service.appbasicsetup.usermanagement.PasswordAlgoTestCase.test5NegativeTesting(PasswordAlgoTestCase.java:232)
	at sun.reflect.NativeMethodAccessorImpl.invoke0(Native Method)
	at sun.reflect.NativeMethodAccessorImpl.invoke(NativeMethodAccessorImpl.java:57)
	at sun.reflect.DelegatingMethodAccessorImpl.invoke(DelegatingMethodAccessorImpl.java:43)
	at java.lang.reflect.Method.invoke(Method.java:606)
	at org.junit.runners.model.FrameworkMethod$1.runReflectiveCall(FrameworkMethod.java:47)
	at org.junit.internal.runners.model.ReflectiveCallable.run(ReflectiveCallable.java:12)
	at org.junit.runners.model.FrameworkMethod.invokeExplosively(FrameworkMethod.java:44)
	at org.junit.internal.runners.statements.InvokeMethod.evaluate(InvokeMethod.java:17)
	at org.junit.internal.runners.statements.RunBefores.evaluate(RunBefores.java:26)
	at org.springframework.test.context.junit4.statements.RunBeforeTestMethodCallbacks.evaluate(RunBeforeTestMethodCallbacks.java:74)
	at org.junit.internal.runners.statements.RunAfters.evaluate(RunAfters.java:27)
	at org.springframework.test.context.junit4.statements.RunAfterTestMethodCallbacks.evaluate(RunAfterTestMethodCallbacks.java:83)
	at org.springframework.test.context.junit4.statements.SpringRepeat.evaluate(SpringRepeat.java:72)
	at org.springframework.test.context.junit4.SpringJUnit4ClassRunner.runChild(SpringJUnit4ClassRunner.java:233)
	at org.springframework.test.context.junit4.SpringJUnit4ClassRunner.runChild(SpringJUnit4ClassRunner.java:87)
	at org.junit.runners.ParentRunner$3.run(ParentRunner.java:238)
	at org.junit.runners.ParentRunner$1.schedule(ParentRunner.java:63)
	at org.junit.runners.ParentRunner.runChildren(ParentRunner.java:236)
	at org.junit.runners.ParentRunner.access$000(ParentRunner.java:53)
	at org.junit.runners.ParentRunner$2.evaluate(ParentRunner.java:229)
	at org.junit.internal.runners.statements.RunBefores.evaluate(RunBefores.java:26)
	at org.springframework.test.context.junit4.statements.RunBeforeTestClassCallbacks.evaluate(RunBeforeTestClassCallbacks.java:61)
	at org.springframework.test.context.junit4.statements.RunAfterTestClassCallbacks.evaluate(RunAfterTestClassCallbacks.java:71)
	at org.junit.runners.ParentRunner.run(ParentRunner.java:309)
	at org.springframework.test.context.junit4.SpringJUnit4ClassRunner.run(SpringJUnit4ClassRunner.java:176)
	at org.gradle.api.internal.tasks.testing.junit.JUnitTestClassExecuter.runTestClass(JUnitTestClassExecuter.java:86)
	at org.gradle.api.internal.tasks.testing.junit.JUnitTestClassExecuter.execute(JUnitTestClassExecuter.java:49)
	at org.gradle.api.internal.tasks.testing.junit.JUnitTestClassProcessor.processTestClass(JUnitTestClassProcessor.java:64)
	at org.gradle.api.internal.tasks.testing.SuiteTestClassProcessor.processTestClass(SuiteTestClassProcessor.java:50)
	at sun.reflect.NativeMethodAccessorImpl.invoke0(Native Method)
	at sun.reflect.NativeMethodAccessorImpl.invoke(NativeMethodAccessorImpl.java:57)
	at sun.reflect.DelegatingMethodAccessorImpl.invoke(DelegatingMethodAccessorImpl.java:43)
	at java.lang.reflect.Method.invoke(Method.java:606)
	at org.gradle.messaging.dispatch.ReflectionDispatch.dispatch(ReflectionDispatch.java:35)
	at org.gradle.messaging.dispatch.ReflectionDispatch.dispatch(ReflectionDispatch.java:24)
	at org.gradle.messaging.dispatch.ContextClassLoaderDispatch.dispatch(ContextClassLoaderDispatch.java:32)
	at org.gradle.messaging.dispatch.ProxyDispatchAdapter$DispatchingInvocationHandler.invoke(ProxyDispatchAdapter.java:93)
	at com.sun.proxy.$Proxy2.processTestClass(Unknown Source)
	at org.gradle.api.internal.tasks.testing.worker.TestWorker.processTestClass(TestWorker.java:106)
	at sun.reflect.NativeMethodAccessorImpl.invoke0(Native Method)
	at sun.reflect.NativeMethodAccessorImpl.invoke(NativeMethodAccessorImpl.java:57)
	at sun.reflect.DelegatingMethodAccessorImpl.invoke(DelegatingMethodAccessorImpl.java:43)
	at java.lang.reflect.Method.invoke(Method.java:606)
	at org.gradle.messaging.dispatch.ReflectionDispatch.dispatch(ReflectionDispatch.java:35)
	at org.gradle.messaging.dispatch.ReflectionDispatch.dispatch(ReflectionDispatch.java:24)
	at org.gradle.messaging.remote.internal.hub.MessageHub$Handler.run(MessageHub.java:360)
	at org.gradle.internal.concurrent.DefaultExecutorFactory$StoppableExecutorImpl$1.run(DefaultExecutorFactory.java:64)
	at java.util.concurrent.ThreadPoolExecutor.runWorker(ThreadPoolExecutor.java:1145)
	at java.util.concurrent.ThreadPoolExecutor$Worker.run(ThreadPoolExecutor.java:615)
	at java.lang.Thread.run(Thread.java:745)
PasswordAlgo.algoName size must be between 0 and 256
java.lang.SecurityException: PasswordAlgo.algoName size must be between 0 and 256
	at com.athena.server.pluggable.utils.helper.EntityValidatorHelper.validateEntity(EntityValidatorHelper.java:37)
	at com.app.shared.appbasicsetup.usermanagement.PasswordAlgo.isValid(PasswordAlgo.java:196)
	at com.app.server.service.appbasicsetup.usermanagement.PasswordAlgoTestCase.validatePasswordAlgo(PasswordAlgoTestCase.java:183)
	at com.app.server.service.appbasicsetup.usermanagement.PasswordAlgoTestCase.test5NegativeTesting(PasswordAlgoTestCase.java:237)
	at sun.reflect.NativeMethodAccessorImpl.invoke0(Native Method)
	at sun.reflect.NativeMethodAccessorImpl.invoke(NativeMethodAccessorImpl.java:57)
	at sun.reflect.DelegatingMethodAccessorImpl.invoke(DelegatingMethodAccessorImpl.java:43)
	at java.lang.reflect.Method.invoke(Method.java:606)
	at org.junit.runners.model.FrameworkMethod$1.runReflectiveCall(FrameworkMethod.java:47)
	at org.junit.internal.runners.model.ReflectiveCallable.run(ReflectiveCallable.java:12)
	at org.junit.runners.model.FrameworkMethod.invokeExplosively(FrameworkMethod.java:44)
	at org.junit.internal.runners.statements.InvokeMethod.evaluate(InvokeMethod.java:17)
	at org.junit.internal.runners.statements.RunBefores.evaluate(RunBefores.java:26)
	at org.springframework.test.context.junit4.statements.RunBeforeTestMethodCallbacks.evaluate(RunBeforeTestMethodCallbacks.java:74)
	at org.junit.internal.runners.statements.RunAfters.evaluate(RunAfters.java:27)
	at org.springframework.test.context.junit4.statements.RunAfterTestMethodCallbacks.evaluate(RunAfterTestMethodCallbacks.java:83)
	at org.springframework.test.context.junit4.statements.SpringRepeat.evaluate(SpringRepeat.java:72)
	at org.springframework.test.context.junit4.SpringJUnit4ClassRunner.runChild(SpringJUnit4ClassRunner.java:233)
	at org.springframework.test.context.junit4.SpringJUnit4ClassRunner.runChild(SpringJUnit4ClassRunner.java:87)
	at org.junit.runners.ParentRunner$3.run(ParentRunner.java:238)
	at org.junit.runners.ParentRunner$1.schedule(ParentRunner.java:63)
	at org.junit.runners.ParentRunner.runChildren(ParentRunner.java:236)
	at org.junit.runners.ParentRunner.access$000(ParentRunner.java:53)
	at org.junit.runners.ParentRunner$2.evaluate(ParentRunner.java:229)
	at org.junit.internal.runners.statements.RunBefores.evaluate(RunBefores.java:26)
	at org.springframework.test.context.junit4.statements.RunBeforeTestClassCallbacks.evaluate(RunBeforeTestClassCallbacks.java:61)
	at org.springframework.test.context.junit4.statements.RunAfterTestClassCallbacks.evaluate(RunAfterTestClassCallbacks.java:71)
	at org.junit.runners.ParentRunner.run(ParentRunner.java:309)
	at org.springframework.test.context.junit4.SpringJUnit4ClassRunner.run(SpringJUnit4ClassRunner.java:176)
	at org.gradle.api.internal.tasks.testing.junit.JUnitTestClassExecuter.runTestClass(JUnitTestClassExecuter.java:86)
	at org.gradle.api.internal.tasks.testing.junit.JUnitTestClassExecuter.execute(JUnitTestClassExecuter.java:49)
	at org.gradle.api.internal.tasks.testing.junit.JUnitTestClassProcessor.processTestClass(JUnitTestClassProcessor.java:64)
	at org.gradle.api.internal.tasks.testing.SuiteTestClassProcessor.processTestClass(SuiteTestClassProcessor.java:50)
	at sun.reflect.NativeMethodAccessorImpl.invoke0(Native Method)
	at sun.reflect.NativeMethodAccessorImpl.invoke(NativeMethodAccessorImpl.java:57)
	at sun.reflect.DelegatingMethodAccessorImpl.invoke(DelegatingMethodAccessorImpl.java:43)
	at java.lang.reflect.Method.invoke(Method.java:606)
	at org.gradle.messaging.dispatch.ReflectionDispatch.dispatch(ReflectionDispatch.java:35)
	at org.gradle.messaging.dispatch.ReflectionDispatch.dispatch(ReflectionDispatch.java:24)
	at org.gradle.messaging.dispatch.ContextClassLoaderDispatch.dispatch(ContextClassLoaderDispatch.java:32)
	at org.gradle.messaging.dispatch.ProxyDispatchAdapter$DispatchingInvocationHandler.invoke(ProxyDispatchAdapter.java:93)
	at com.sun.proxy.$Proxy2.processTestClass(Unknown Source)
	at org.gradle.api.internal.tasks.testing.worker.TestWorker.processTestClass(TestWorker.java:106)
	at sun.reflect.NativeMethodAccessorImpl.invoke0(Native Method)
	at sun.reflect.NativeMethodAccessorImpl.invoke(NativeMethodAccessorImpl.java:57)
	at sun.reflect.DelegatingMethodAccessorImpl.invoke(DelegatingMethodAccessorImpl.java:43)
	at java.lang.reflect.Method.invoke(Method.java:606)
	at org.gradle.messaging.dispatch.ReflectionDispatch.dispatch(ReflectionDispatch.java:35)
	at org.gradle.messaging.dispatch.ReflectionDispatch.dispatch(ReflectionDispatch.java:24)
	at org.gradle.messaging.remote.internal.hub.MessageHub$Handler.run(MessageHub.java:360)
	at org.gradle.internal.concurrent.DefaultExecutorFactory$StoppableExecutorImpl$1.run(DefaultExecutorFactory.java:64)
	at java.util.concurrent.ThreadPoolExecutor.runWorker(ThreadPoolExecutor.java:1145)
	at java.util.concurrent.ThreadPoolExecutor$Worker.run(ThreadPoolExecutor.java:615)
	at java.lang.Thread.run(Thread.java:745)
PasswordAlgo.algoDescription size must be between 0 and 256
java.lang.SecurityException: PasswordAlgo.algoDescription size must be between 0 and 256
	at com.athena.server.pluggable.utils.helper.EntityValidatorHelper.validateEntity(EntityValidatorHelper.java:37)
	at com.app.shared.appbasicsetup.usermanagement.PasswordAlgo.isValid(PasswordAlgo.java:196)
	at com.app.server.service.appbasicsetup.usermanagement.PasswordAlgoTestCase.validatePasswordAlgo(PasswordAlgoTestCase.java:183)
	at com.app.server.service.appbasicsetup.usermanagement.PasswordAlgoTestCase.test5NegativeTesting(PasswordAlgoTestCase.java:242)
	at sun.reflect.NativeMethodAccessorImpl.invoke0(Native Method)
	at sun.reflect.NativeMethodAccessorImpl.invoke(NativeMethodAccessorImpl.java:57)
	at sun.reflect.DelegatingMethodAccessorImpl.invoke(DelegatingMethodAccessorImpl.java:43)
	at java.lang.reflect.Method.invoke(Method.java:606)
	at org.junit.runners.model.FrameworkMethod$1.runReflectiveCall(FrameworkMethod.java:47)
	at org.junit.internal.runners.model.ReflectiveCallable.run(ReflectiveCallable.java:12)
	at org.junit.runners.model.FrameworkMethod.invokeExplosively(FrameworkMethod.java:44)
	at org.junit.internal.runners.statements.InvokeMethod.evaluate(InvokeMethod.java:17)
	at org.junit.internal.runners.statements.RunBefores.evaluate(RunBefores.java:26)
	at org.springframework.test.context.junit4.statements.RunBeforeTestMethodCallbacks.evaluate(RunBeforeTestMethodCallbacks.java:74)
	at org.junit.internal.runners.statements.RunAfters.evaluate(RunAfters.java:27)
	at org.springframework.test.context.junit4.statements.RunAfterTestMethodCallbacks.evaluate(RunAfterTestMethodCallbacks.java:83)
	at org.springframework.test.context.junit4.statements.SpringRepeat.evaluate(SpringRepeat.java:72)
	at org.springframework.test.context.junit4.SpringJUnit4ClassRunner.runChild(SpringJUnit4ClassRunner.java:233)
	at org.springframework.test.context.junit4.SpringJUnit4ClassRunner.runChild(SpringJUnit4ClassRunner.java:87)
	at org.junit.runners.ParentRunner$3.run(ParentRunner.java:238)
	at org.junit.runners.ParentRunner$1.schedule(ParentRunner.java:63)
	at org.junit.runners.ParentRunner.runChildren(ParentRunner.java:236)
	at org.junit.runners.ParentRunner.access$000(ParentRunner.java:53)
	at org.junit.runners.ParentRunner$2.evaluate(ParentRunner.java:229)
	at org.junit.internal.runners.statements.RunBefores.evaluate(RunBefores.java:26)
	at org.springframework.test.context.junit4.statements.RunBeforeTestClassCallbacks.evaluate(RunBeforeTestClassCallbacks.java:61)
	at org.springframework.test.context.junit4.statements.RunAfterTestClassCallbacks.evaluate(RunAfterTestClassCallbacks.java:71)
	at org.junit.runners.ParentRunner.run(ParentRunner.java:309)
	at org.springframework.test.context.junit4.SpringJUnit4ClassRunner.run(SpringJUnit4ClassRunner.java:176)
	at org.gradle.api.internal.tasks.testing.junit.JUnitTestClassExecuter.runTestClass(JUnitTestClassExecuter.java:86)
	at org.gradle.api.internal.tasks.testing.junit.JUnitTestClassExecuter.execute(JUnitTestClassExecuter.java:49)
	at org.gradle.api.internal.tasks.testing.junit.JUnitTestClassProcessor.processTestClass(JUnitTestClassProcessor.java:64)
	at org.gradle.api.internal.tasks.testing.SuiteTestClassProcessor.processTestClass(SuiteTestClassProcessor.java:50)
	at sun.reflect.NativeMethodAccessorImpl.invoke0(Native Method)
	at sun.reflect.NativeMethodAccessorImpl.invoke(NativeMethodAccessorImpl.java:57)
	at sun.reflect.DelegatingMethodAccessorImpl.invoke(DelegatingMethodAccessorImpl.java:43)
	at java.lang.reflect.Method.invoke(Method.java:606)
	at org.gradle.messaging.dispatch.ReflectionDispatch.dispatch(ReflectionDispatch.java:35)
	at org.gradle.messaging.dispatch.ReflectionDispatch.dispatch(ReflectionDispatch.java:24)
	at org.gradle.messaging.dispatch.ContextClassLoaderDispatch.dispatch(ContextClassLoaderDispatch.java:32)
	at org.gradle.messaging.dispatch.ProxyDispatchAdapter$DispatchingInvocationHandler.invoke(ProxyDispatchAdapter.java:93)
	at com.sun.proxy.$Proxy2.processTestClass(Unknown Source)
	at org.gradle.api.internal.tasks.testing.worker.TestWorker.processTestClass(TestWorker.java:106)
	at sun.reflect.NativeMethodAccessorImpl.invoke0(Native Method)
	at sun.reflect.NativeMethodAccessorImpl.invoke(NativeMethodAccessorImpl.java:57)
	at sun.reflect.DelegatingMethodAccessorImpl.invoke(DelegatingMethodAccessorImpl.java:43)
	at java.lang.reflect.Method.invoke(Method.java:606)
	at org.gradle.messaging.dispatch.ReflectionDispatch.dispatch(ReflectionDispatch.java:35)
	at org.gradle.messaging.dispatch.ReflectionDispatch.dispatch(ReflectionDispatch.java:24)
	at org.gradle.messaging.remote.internal.hub.MessageHub$Handler.run(MessageHub.java:360)
	at org.gradle.internal.concurrent.DefaultExecutorFactory$StoppableExecutorImpl$1.run(DefaultExecutorFactory.java:64)
	at java.util.concurrent.ThreadPoolExecutor.runWorker(ThreadPoolExecutor.java:1145)
	at java.util.concurrent.ThreadPoolExecutor$Worker.run(ThreadPoolExecutor.java:615)
	at java.lang.Thread.run(Thread.java:745)
PasswordAlgo.algoIcon size must be between 0 and 64
java.lang.SecurityException: PasswordAlgo.algoIcon size must be between 0 and 64
	at com.athena.server.pluggable.utils.helper.EntityValidatorHelper.validateEntity(EntityValidatorHelper.java:37)
	at com.app.shared.appbasicsetup.usermanagement.PasswordAlgo.isValid(PasswordAlgo.java:196)
	at com.app.server.service.appbasicsetup.usermanagement.PasswordAlgoTestCase.validatePasswordAlgo(PasswordAlgoTestCase.java:183)
	at com.app.server.service.appbasicsetup.usermanagement.PasswordAlgoTestCase.test5NegativeTesting(PasswordAlgoTestCase.java:247)
	at sun.reflect.NativeMethodAccessorImpl.invoke0(Native Method)
	at sun.reflect.NativeMethodAccessorImpl.invoke(NativeMethodAccessorImpl.java:57)
	at sun.reflect.DelegatingMethodAccessorImpl.invoke(DelegatingMethodAccessorImpl.java:43)
	at java.lang.reflect.Method.invoke(Method.java:606)
	at org.junit.runners.model.FrameworkMethod$1.runReflectiveCall(FrameworkMethod.java:47)
	at org.junit.internal.runners.model.ReflectiveCallable.run(ReflectiveCallable.java:12)
	at org.junit.runners.model.FrameworkMethod.invokeExplosively(FrameworkMethod.java:44)
	at org.junit.internal.runners.statements.InvokeMethod.evaluate(InvokeMethod.java:17)
	at org.junit.internal.runners.statements.RunBefores.evaluate(RunBefores.java:26)
	at org.springframework.test.context.junit4.statements.RunBeforeTestMethodCallbacks.evaluate(RunBeforeTestMethodCallbacks.java:74)
	at org.junit.internal.runners.statements.RunAfters.evaluate(RunAfters.java:27)
	at org.springframework.test.context.junit4.statements.RunAfterTestMethodCallbacks.evaluate(RunAfterTestMethodCallbacks.java:83)
	at org.springframework.test.context.junit4.statements.SpringRepeat.evaluate(SpringRepeat.java:72)
	at org.springframework.test.context.junit4.SpringJUnit4ClassRunner.runChild(SpringJUnit4ClassRunner.java:233)
	at org.springframework.test.context.junit4.SpringJUnit4ClassRunner.runChild(SpringJUnit4ClassRunner.java:87)
	at org.junit.runners.ParentRunner$3.run(ParentRunner.java:238)
	at org.junit.runners.ParentRunner$1.schedule(ParentRunner.java:63)
	at org.junit.runners.ParentRunner.runChildren(ParentRunner.java:236)
	at org.junit.runners.ParentRunner.access$000(ParentRunner.java:53)
	at org.junit.runners.ParentRunner$2.evaluate(ParentRunner.java:229)
	at org.junit.internal.runners.statements.RunBefores.evaluate(RunBefores.java:26)
	at org.springframework.test.context.junit4.statements.RunBeforeTestClassCallbacks.evaluate(RunBeforeTestClassCallbacks.java:61)
	at org.springframework.test.context.junit4.statements.RunAfterTestClassCallbacks.evaluate(RunAfterTestClassCallbacks.java:71)
	at org.junit.runners.ParentRunner.run(ParentRunner.java:309)
	at org.springframework.test.context.junit4.SpringJUnit4ClassRunner.run(SpringJUnit4ClassRunner.java:176)
	at org.gradle.api.internal.tasks.testing.junit.JUnitTestClassExecuter.runTestClass(JUnitTestClassExecuter.java:86)
	at org.gradle.api.internal.tasks.testing.junit.JUnitTestClassExecuter.execute(JUnitTestClassExecuter.java:49)
	at org.gradle.api.internal.tasks.testing.junit.JUnitTestClassProcessor.processTestClass(JUnitTestClassProcessor.java:64)
	at org.gradle.api.internal.tasks.testing.SuiteTestClassProcessor.processTestClass(SuiteTestClassProcessor.java:50)
	at sun.reflect.NativeMethodAccessorImpl.invoke0(Native Method)
	at sun.reflect.NativeMethodAccessorImpl.invoke(NativeMethodAccessorImpl.java:57)
	at sun.reflect.DelegatingMethodAccessorImpl.invoke(DelegatingMethodAccessorImpl.java:43)
	at java.lang.reflect.Method.invoke(Method.java:606)
	at org.gradle.messaging.dispatch.ReflectionDispatch.dispatch(ReflectionDispatch.java:35)
	at org.gradle.messaging.dispatch.ReflectionDispatch.dispatch(ReflectionDispatch.java:24)
	at org.gradle.messaging.dispatch.ContextClassLoaderDispatch.dispatch(ContextClassLoaderDispatch.java:32)
	at org.gradle.messaging.dispatch.ProxyDispatchAdapter$DispatchingInvocationHandler.invoke(ProxyDispatchAdapter.java:93)
	at com.sun.proxy.$Proxy2.processTestClass(Unknown Source)
	at org.gradle.api.internal.tasks.testing.worker.TestWorker.processTestClass(TestWorker.java:106)
	at sun.reflect.NativeMethodAccessorImpl.invoke0(Native Method)
	at sun.reflect.NativeMethodAccessorImpl.invoke(NativeMethodAccessorImpl.java:57)
	at sun.reflect.DelegatingMethodAccessorImpl.invoke(DelegatingMethodAccessorImpl.java:43)
	at java.lang.reflect.Method.invoke(Method.java:606)
	at org.gradle.messaging.dispatch.ReflectionDispatch.dispatch(ReflectionDispatch.java:35)
	at org.gradle.messaging.dispatch.ReflectionDispatch.dispatch(ReflectionDispatch.java:24)
	at org.gradle.messaging.remote.internal.hub.MessageHub$Handler.run(MessageHub.java:360)
	at org.gradle.internal.concurrent.DefaultExecutorFactory$StoppableExecutorImpl$1.run(DefaultExecutorFactory.java:64)
	at java.util.concurrent.ThreadPoolExecutor.runWorker(ThreadPoolExecutor.java:1145)
	at java.util.concurrent.ThreadPoolExecutor$Worker.run(ThreadPoolExecutor.java:615)
	at java.lang.Thread.run(Thread.java:745)
PasswordAlgo.algoHelp size must be between 0 and 256
java.lang.SecurityException: PasswordAlgo.algoHelp size must be between 0 and 256
	at com.athena.server.pluggable.utils.helper.EntityValidatorHelper.validateEntity(EntityValidatorHelper.java:37)
	at com.app.shared.appbasicsetup.usermanagement.PasswordAlgo.isValid(PasswordAlgo.java:196)
	at com.app.server.service.appbasicsetup.usermanagement.PasswordAlgoTestCase.validatePasswordAlgo(PasswordAlgoTestCase.java:183)
	at com.app.server.service.appbasicsetup.usermanagement.PasswordAlgoTestCase.test5NegativeTesting(PasswordAlgoTestCase.java:252)
	at sun.reflect.NativeMethodAccessorImpl.invoke0(Native Method)
	at sun.reflect.NativeMethodAccessorImpl.invoke(NativeMethodAccessorImpl.java:57)
	at sun.reflect.DelegatingMethodAccessorImpl.invoke(DelegatingMethodAccessorImpl.java:43)
	at java.lang.reflect.Method.invoke(Method.java:606)
	at org.junit.runners.model.FrameworkMethod$1.runReflectiveCall(FrameworkMethod.java:47)
	at org.junit.internal.runners.model.ReflectiveCallable.run(ReflectiveCallable.java:12)
	at org.junit.runners.model.FrameworkMethod.invokeExplosively(FrameworkMethod.java:44)
	at org.junit.internal.runners.statements.InvokeMethod.evaluate(InvokeMethod.java:17)
	at org.junit.internal.runners.statements.RunBefores.evaluate(RunBefores.java:26)
	at org.springframework.test.context.junit4.statements.RunBeforeTestMethodCallbacks.evaluate(RunBeforeTestMethodCallbacks.java:74)
	at org.junit.internal.runners.statements.RunAfters.evaluate(RunAfters.java:27)
	at org.springframework.test.context.junit4.statements.RunAfterTestMethodCallbacks.evaluate(RunAfterTestMethodCallbacks.java:83)
	at org.springframework.test.context.junit4.statements.SpringRepeat.evaluate(SpringRepeat.java:72)
	at org.springframework.test.context.junit4.SpringJUnit4ClassRunner.runChild(SpringJUnit4ClassRunner.java:233)
	at org.springframework.test.context.junit4.SpringJUnit4ClassRunner.runChild(SpringJUnit4ClassRunner.java:87)
	at org.junit.runners.ParentRunner$3.run(ParentRunner.java:238)
	at org.junit.runners.ParentRunner$1.schedule(ParentRunner.java:63)
	at org.junit.runners.ParentRunner.runChildren(ParentRunner.java:236)
	at org.junit.runners.ParentRunner.access$000(ParentRunner.java:53)
	at org.junit.runners.ParentRunner$2.evaluate(ParentRunner.java:229)
	at org.junit.internal.runners.statements.RunBefores.evaluate(RunBefores.java:26)
	at org.springframework.test.context.junit4.statements.RunBeforeTestClassCallbacks.evaluate(RunBeforeTestClassCallbacks.java:61)
	at org.springframework.test.context.junit4.statements.RunAfterTestClassCallbacks.evaluate(RunAfterTestClassCallbacks.java:71)
	at org.junit.runners.ParentRunner.run(ParentRunner.java:309)
	at org.springframework.test.context.junit4.SpringJUnit4ClassRunner.run(SpringJUnit4ClassRunner.java:176)
	at org.gradle.api.internal.tasks.testing.junit.JUnitTestClassExecuter.runTestClass(JUnitTestClassExecuter.java:86)
	at org.gradle.api.internal.tasks.testing.junit.JUnitTestClassExecuter.execute(JUnitTestClassExecuter.java:49)
	at org.gradle.api.internal.tasks.testing.junit.JUnitTestClassProcessor.processTestClass(JUnitTestClassProcessor.java:64)
	at org.gradle.api.internal.tasks.testing.SuiteTestClassProcessor.processTestClass(SuiteTestClassProcessor.java:50)
	at sun.reflect.NativeMethodAccessorImpl.invoke0(Native Method)
	at sun.reflect.NativeMethodAccessorImpl.invoke(NativeMethodAccessorImpl.java:57)
	at sun.reflect.DelegatingMethodAccessorImpl.invoke(DelegatingMethodAccessorImpl.java:43)
	at java.lang.reflect.Method.invoke(Method.java:606)
	at org.gradle.messaging.dispatch.ReflectionDispatch.dispatch(ReflectionDispatch.java:35)
	at org.gradle.messaging.dispatch.ReflectionDispatch.dispatch(ReflectionDispatch.java:24)
	at org.gradle.messaging.dispatch.ContextClassLoaderDispatch.dispatch(ContextClassLoaderDispatch.java:32)
	at org.gradle.messaging.dispatch.ProxyDispatchAdapter$DispatchingInvocationHandler.invoke(ProxyDispatchAdapter.java:93)
	at com.sun.proxy.$Proxy2.processTestClass(Unknown Source)
	at org.gradle.api.internal.tasks.testing.worker.TestWorker.processTestClass(TestWorker.java:106)
	at sun.reflect.NativeMethodAccessorImpl.invoke0(Native Method)
	at sun.reflect.NativeMethodAccessorImpl.invoke(NativeMethodAccessorImpl.java:57)
	at sun.reflect.DelegatingMethodAccessorImpl.invoke(DelegatingMethodAccessorImpl.java:43)
	at java.lang.reflect.Method.invoke(Method.java:606)
	at org.gradle.messaging.dispatch.ReflectionDispatch.dispatch(ReflectionDispatch.java:35)
	at org.gradle.messaging.dispatch.ReflectionDispatch.dispatch(ReflectionDispatch.java:24)
	at org.gradle.messaging.remote.internal.hub.MessageHub$Handler.run(MessageHub.java:360)
	at org.gradle.internal.concurrent.DefaultExecutorFactory$StoppableExecutorImpl$1.run(DefaultExecutorFactory.java:64)
	at java.util.concurrent.ThreadPoolExecutor.runWorker(ThreadPoolExecutor.java:1145)
	at java.util.concurrent.ThreadPoolExecutor$Worker.run(ThreadPoolExecutor.java:615)
	at java.lang.Thread.run(Thread.java:745)
</pre>
</span>
</div>
</div>
<div id="footer">
<p>
<div>
<label class="hidden" id="label-for-line-wrapping-toggle" for="line-wrapping-toggle">Wrap lines
<input id="line-wrapping-toggle" type="checkbox" autocomplete="off"/>
</label>
</div>Generated by 
<a href="http://www.gradle.org">Gradle 2.3</a> at Jun 22, 2016 8:29:11 AM</p>
</div>
</div>
</body>
</html>
